<?xml version="1.0" encoding="UTF-8"?>
<!-- Generated by org.testng.reporters.JUnitReportReporter -->
<testsuite hostname="DESKTOP-Q13OS2E" failures="0" tests="1" name="demo125.First_selenium_program" time="49.355" errors="0" timestamp="8 Oct 2022 07:16:02 GMT">
  <testcase classname="demo125.First_selenium_program" name="jaws" time="49.355"/>
</testsuite> <!-- demo125.First_selenium_program -->
